Using pre-set license
Built from '2020.3/staging' branch; Version is '2020.3.0f1 (c7b5465681fb) revision 13088070'; Using compiler version '192528614'; Build Type 'Release'
OS: 'Windows 10 Pro; OS build 19043.1237; Version 2009; 64bit' Language: 'en' Physical Memory: 16280 MB
BatchMode: 1, IsHumanControllingUs: 0, StartBugReporterOnCrash: 0, Is64bit: 1, IsPro: 0

 COMMAND LINE ARGUMENTS:
C:\Program Files\Unity\Hub\Editor\2020.3.0f1\Editor\Unity.exe
-adb2
-batchMode
-noUpm
-name
AssetImportWorker0
-projectPath
C:/Users/student/2DRPG
-logFile
Logs/AssetImportWorker0.log
-srvPort
61827
Successfully changed project path to: C:/Users/student/2DRPG
C:/Users/student/2DRPG
Using Asset Import Pipeline V2.
Refreshing native plugins compatible for Editor in 44.19 ms, found 0 plugins.
Preloading 0 native plugins for Editor in 0.00 ms.
Initialize engine version: 2020.3.0f1 (c7b5465681fb)
[Subsystems] Discovering subsystems at path C:/Program Files/Unity/Hub/Editor/2020.3.0f1/Editor/Data/Resources/UnitySubsystems
[Subsystems] Discovering subsystems at path C:/Users/student/2DRPG/Assets
GfxDevice: creating device client; threaded=0
Direct3D:
    Version:  Direct3D 11.0 [level 11.1]
    Renderer: Intel(R) HD Graphics 530 (ID=0x1912)
    Vendor:   
    VRAM:     8140 MB
    Driver:   27.20.100.8681
Initialize mono
Mono path[0] = 'C:/Program Files/Unity/Hub/Editor/2020.3.0f1/Editor/Data/Managed'
Mono path[1] = 'C:/Program Files/Unity/Hub/Editor/2020.3.0f1/Editor/Data/MonoBleedingEdge/lib/mono/unityjit'
Mono config path = 'C:/Program Files/Unity/Hub/Editor/2020.3.0f1/Editor/Data/MonoBleedingEdge/etc'
Using monoOptions --debugger-agent=transport=dt_socket,embedding=1,server=y,suspend=n,address=127.0.0.1:56320
Begin MonoManager ReloadAssembly
Registering precompiled unity dll's ...
Register platform support module: C:/Program Files/Unity/Hub/Editor/2020.3.0f1/Editor/Data/PlaybackEngines/WindowsStandaloneSupport/UnityEditor.WindowsStandalone.Extensions.dll
Registered in 0.002334 seconds.
Native extension for WindowsStandalone target not found
Refreshing native plugins compatible for Editor in 37.63 ms, found 0 plugins.
Preloading 0 native plugins for Editor in 0.00 ms.
Invoked RoslynAnalysisRunner static constructor.
RoslynAnalysisRunner will not be running.
RoslynAnalysisRunner has terminated.
Mono: successfully reloaded assembly
- Completed reload, in  1.039 seconds
Platform modules already initialized, skipping
Registering precompiled user dll's ...
Registered in 0.002548 seconds.
Begin MonoManager ReloadAssembly
Native extension for WindowsStandalone target not found
Refreshing native plugins compatible for Editor in 0.40 ms, found 0 plugins.
Preloading 0 native plugins for Editor in 0.00 ms.
Invoked RoslynAnalysisRunner static constructor.
RoslynAnalysisRunner will not be running.
RoslynAnalysisRunner has terminated.
Mono: successfully reloaded assembly
- Completed reload, in  0.844 seconds
Platform modules already initialized, skipping
========================================================================
Worker process is ready to serve import requests
Launched and connected shader compiler UnityShaderCompiler.exe after 0.05 seconds
Refreshing native plugins compatible for Editor in 0.39 ms, found 0 plugins.
Preloading 0 native plugins for Editor in 0.00 ms.
Unloading 1509 Unused Serialized files (Serialized files now loaded: 0)
System memory in use before: 70.3 MB.
System memory in use after: 70.4 MB.

Unloading 32 unused Assets to reduce memory usage. Loaded Objects now: 1939.
Total: 2.121400 ms (FindLiveObjects: 0.409600 ms CreateObjectMapping: 0.141000 ms MarkObjects: 1.513400 ms  DeleteObjects: 0.056600 ms)

========================================================================
Received Import Request.
  path: Assets/TextMesh Pro
  artifactKey: Guid(c87268a340e573f4fbca00b488593aac) Importer(815301076,1909f56bfc062723c751e8b465ee728b)
Start importing Assets/TextMesh Pro using Guid(c87268a340e573f4fbca00b488593aac) Importer(815301076,1909f56bfc062723c751e8b465ee728b)  -> (artifact id: 'f86103ef44300ef5583e1d718ac6a22c') in 0.008328 seconds
  Import took 0.011028 seconds .

========================================================================
Received Import Request.
  Time since last request: 59.449209 seconds.
  path: Assets/Creator Kit - RPG/Scenes/BlankScene 1.unity
  artifactKey: Guid(b1bc0e48665dd46448547615055bc2e0) Importer(815301076,1909f56bfc062723c751e8b465ee728b)
Start importing Assets/Creator Kit - RPG/Scenes/BlankScene 1.unity using Guid(b1bc0e48665dd46448547615055bc2e0) Importer(815301076,1909f56bfc062723c751e8b465ee728b)  -> (artifact id: '471deaff2bd5a5e3758e9bbe075ddceb') in 0.019579 seconds
  Import took 0.023460 seconds .

========================================================================
Received Import Request.
  Time since last request: 0.000730 seconds.
  path: Assets/Creator Kit - RPG/Scenes/BlankScene 1.unity
  artifactKey: Guid(b1bc0e48665dd46448547615055bc2e0) Importer(815301076,1909f56bfc062723c751e8b465ee728b)
Start importing Assets/Creator Kit - RPG/Scenes/BlankScene 1.unity using Guid(b1bc0e48665dd46448547615055bc2e0) Importer(815301076,1909f56bfc062723c751e8b465ee728b)  -> (artifact id: '471deaff2bd5a5e3758e9bbe075ddceb') in 0.005801 seconds
  Import took 0.009143 seconds .

========================================================================
Received Import Request.
  Time since last request: 662.281277 seconds.
  path: Assets/Creator Kit - RPG/Prefabs/Character.prefab
  artifactKey: Guid(84535a21e4ab6412690b5fa8acc3908e) Importer(815301076,1909f56bfc062723c751e8b465ee728b)
Start importing Assets/Creator Kit - RPG/Prefabs/Character.prefab using Guid(84535a21e4ab6412690b5fa8acc3908e) Importer(815301076,1909f56bfc062723c751e8b465ee728b)  -> (artifact id: 'da2b8d20a647c89d17354c833b5fc7c6') in 0.125450 seconds
  Import took 0.129279 seconds .

========================================================================
Received Import Request.
  Time since last request: 0.000307 seconds.
  path: Assets/Creator Kit - RPG/Prefabs/UI Camera.prefab
  artifactKey: Guid(fb58dc84dca7b49f99bde3835c80609b) Importer(815301076,1909f56bfc062723c751e8b465ee728b)
Start importing Assets/Creator Kit - RPG/Prefabs/UI Camera.prefab using Guid(fb58dc84dca7b49f99bde3835c80609b) Importer(815301076,1909f56bfc062723c751e8b465ee728b)  -> (artifact id: '6a05b226642d2004889a5231fbd5aa15') in 0.018294 seconds
  Import took 0.022683 seconds .

========================================================================
Received Import Request.
  Time since last request: 0.000323 seconds.
  path: Assets/Creator Kit - RPG/Prefabs/MessageBar.prefab
  artifactKey: Guid(81816288a86af46c598e1fa3b10e24a4) Importer(815301076,1909f56bfc062723c751e8b465ee728b)
Start importing Assets/Creator Kit - RPG/Prefabs/MessageBar.prefab using Guid(81816288a86af46c598e1fa3b10e24a4) Importer(815301076,1909f56bfc062723c751e8b465ee728b)  -> (artifact id: '9ce47785d9a5880bfc1624d11de01191') in 0.074272 seconds
  Import took 0.077612 seconds .

========================================================================
Received Import Request.
  Time since last request: 0.000247 seconds.
  path: Assets/Creator Kit - RPG/Prefabs/Main Camera.prefab
  artifactKey: Guid(1c14ebde4b5e54881a67b686f46e6b1d) Importer(815301076,1909f56bfc062723c751e8b465ee728b)
Start importing Assets/Creator Kit - RPG/Prefabs/Main Camera.prefab using Guid(1c14ebde4b5e54881a67b686f46e6b1d) Importer(815301076,1909f56bfc062723c751e8b465ee728b)  -> (artifact id: '8cdf99704c5da4569a1aad22dd2c23ee') in 0.013319 seconds
  Import took 0.018381 seconds .

========================================================================
Received Import Request.
  Time since last request: 0.000275 seconds.
  path: Assets/Creator Kit - RPG/Prefabs/Tilemaps.prefab
  artifactKey: Guid(a6ecdc63374074e6eb42a738a5683a91) Importer(815301076,1909f56bfc062723c751e8b465ee728b)
Start importing Assets/Creator Kit - RPG/Prefabs/Tilemaps.prefab using Guid(a6ecdc63374074e6eb42a738a5683a91) Importer(815301076,1909f56bfc062723c751e8b465ee728b)  -> (artifact id: 'c8bd7ab58081558990860819e17d72d3') in 0.010112 seconds
  Import took 0.015525 seconds .

========================================================================
Received Import Request.
  Time since last request: 0.000552 seconds.
  path: Assets/Creator Kit - RPG/Prefabs/Grid.prefab
  artifactKey: Guid(9cfc23e1a92d54df288065697ba3e2f9) Importer(815301076,1909f56bfc062723c751e8b465ee728b)
Start importing Assets/Creator Kit - RPG/Prefabs/Grid.prefab using Guid(9cfc23e1a92d54df288065697ba3e2f9) Importer(815301076,1909f56bfc062723c751e8b465ee728b)  -> (artifact id: 'e467c4dd25abb9e4756360ce79702306') in 0.014342 seconds
  Import took 0.018662 seconds .

========================================================================
Received Import Request.
  Time since last request: 0.000305 seconds.
  path: Assets/Creator Kit - RPG/Prefabs/Controllers.prefab
  artifactKey: Guid(d96c0846c7d644f72bfbf301de1def5c) Importer(815301076,1909f56bfc062723c751e8b465ee728b)
Start importing Assets/Creator Kit - RPG/Prefabs/Controllers.prefab using Guid(d96c0846c7d644f72bfbf301de1def5c) Importer(815301076,1909f56bfc062723c751e8b465ee728b)  -> (artifact id: 'a51df1ddc773f3e8b4d1fc0d8939be31') in 0.023850 seconds
  Import took 0.027694 seconds .

========================================================================
Received Import Request.
  Time since last request: 0.000543 seconds.
  path: Assets/Creator Kit - RPG/Prefabs/DialogController.prefab
  artifactKey: Guid(ab3f7178010354d87a5016c7d6b23a5a) Importer(815301076,1909f56bfc062723c751e8b465ee728b)
Start importing Assets/Creator Kit - RPG/Prefabs/DialogController.prefab using Guid(ab3f7178010354d87a5016c7d6b23a5a) Importer(815301076,1909f56bfc062723c751e8b465ee728b)  -> (artifact id: 'da310566ce64487cf1ab736c3ff2f281') in 0.043752 seconds
  Import took 0.048795 seconds .

========================================================================
Received Import Request.
  Time since last request: 0.000307 seconds.
  path: Assets/Creator Kit - RPG/Prefabs/HouseOpenDoor.prefab
  artifactKey: Guid(8d9e5ee92a6bccc4892e3ebb23cc4766) Importer(815301076,1909f56bfc062723c751e8b465ee728b)
Start importing Assets/Creator Kit - RPG/Prefabs/HouseOpenDoor.prefab using Guid(8d9e5ee92a6bccc4892e3ebb23cc4766) Importer(815301076,1909f56bfc062723c751e8b465ee728b)  -> (artifact id: '38501a8aae69b9cd691ac999e255f25f') in 0.019947 seconds
  Import took 0.024820 seconds .

========================================================================
Received Import Request.
  Time since last request: 0.000315 seconds.
  path: Assets/Creator Kit - RPG/Prefabs/Inventory.prefab
  artifactKey: Guid(7c53998562858411aa85d8e0c4bc1333) Importer(815301076,1909f56bfc062723c751e8b465ee728b)
Start importing Assets/Creator Kit - RPG/Prefabs/Inventory.prefab using Guid(7c53998562858411aa85d8e0c4bc1333) Importer(815301076,1909f56bfc062723c751e8b465ee728b)  -> (artifact id: 'deb0cc5736bda77ec365c863ffbe44cf') in 0.036764 seconds
  Import took 0.040348 seconds .

========================================================================
Received Import Request.
  Time since last request: 0.000332 seconds.
  path: Assets/Creator Kit - RPG/Prefabs/InventoryDialog.prefab
  artifactKey: Guid(9c7cbb01d716340ab97a9c902e59ccee) Importer(815301076,1909f56bfc062723c751e8b465ee728b)
Start importing Assets/Creator Kit - RPG/Prefabs/InventoryDialog.prefab using Guid(9c7cbb01d716340ab97a9c902e59ccee) Importer(815301076,1909f56bfc062723c751e8b465ee728b)  -> (artifact id: 'ec15e43cf842b9997bca375ee7569a6e') in 0.038911 seconds
  Import took 0.041709 seconds .

========================================================================
Received Import Request.
  Time since last request: 0.000355 seconds.
  path: Assets/Creator Kit - RPG/Prefabs/Character.prefab
  artifactKey: Guid(84535a21e4ab6412690b5fa8acc3908e) Importer(815301076,1909f56bfc062723c751e8b465ee728b)
Start importing Assets/Creator Kit - RPG/Prefabs/Character.prefab using Guid(84535a21e4ab6412690b5fa8acc3908e) Importer(815301076,1909f56bfc062723c751e8b465ee728b)  -> (artifact id: 'da2b8d20a647c89d17354c833b5fc7c6') in 0.029938 seconds
  Import took 0.033560 seconds .

========================================================================
Received Import Request.
  Time since last request: 0.000370 seconds.
  path: Assets/Creator Kit - RPG/Prefabs/HouseRoof.prefab
  artifactKey: Guid(4ca9604554bc54f608984cba5088222e) Importer(815301076,1909f56bfc062723c751e8b465ee728b)
Start importing Assets/Creator Kit - RPG/Prefabs/HouseRoof.prefab using Guid(4ca9604554bc54f608984cba5088222e) Importer(815301076,1909f56bfc062723c751e8b465ee728b)  -> (artifact id: '3b21399b3642a02072b59cfb69638699') in 0.019150 seconds
  Import took 0.022281 seconds .

========================================================================
Received Import Request.
  Time since last request: 0.000273 seconds.
  path: Assets/Creator Kit - RPG/Prefabs/HouseChimney.prefab
  artifactKey: Guid(4d6bc847403394c328ca695ffeb4a209) Importer(815301076,1909f56bfc062723c751e8b465ee728b)
Start importing Assets/Creator Kit - RPG/Prefabs/HouseChimney.prefab using Guid(4d6bc847403394c328ca695ffeb4a209) Importer(815301076,1909f56bfc062723c751e8b465ee728b)  -> (artifact id: 'a3808f4dade7e00fe6f94a6f7c8435ab') in 0.020205 seconds
  Import took 0.024719 seconds .

========================================================================
Received Import Request.
  Time since last request: 177.725649 seconds.
  path: Assets/Creator Kit - RPG/Materials/Cutscene.mat
  artifactKey: Guid(0bc281edaa3184ba8b57a35c2c5166fe) Importer(815301076,1909f56bfc062723c751e8b465ee728b)
Start importing Assets/Creator Kit - RPG/Materials/Cutscene.mat using Guid(0bc281edaa3184ba8b57a35c2c5166fe) Importer(815301076,1909f56bfc062723c751e8b465ee728b)  -> (artifact id: '4e796be24203383eee656ddbfc5e28b4') in 0.054110 seconds
  Import took 0.058078 seconds .

========================================================================
Received Import Request.
  Time since last request: 0.000255 seconds.
  path: Assets/Creator Kit - RPG/Materials/Sprites.mat
  artifactKey: Guid(e129413db05d94ad28811d643da04b02) Importer(815301076,1909f56bfc062723c751e8b465ee728b)
Start importing Assets/Creator Kit - RPG/Materials/Sprites.mat using Guid(e129413db05d94ad28811d643da04b02) Importer(815301076,1909f56bfc062723c751e8b465ee728b)  -> (artifact id: '9ccc73fd23c3ac6c42cdcb806bb28c1c') in 0.016730 seconds
  Import took 0.020755 seconds .

========================================================================
Received Import Request.
  Time since last request: 0.000296 seconds.
  path: Assets/Creator Kit - RPG/Materials/Cutscene.mat
  artifactKey: Guid(0bc281edaa3184ba8b57a35c2c5166fe) Importer(815301076,1909f56bfc062723c751e8b465ee728b)
Start importing Assets/Creator Kit - RPG/Materials/Cutscene.mat using Guid(0bc281edaa3184ba8b57a35c2c5166fe) Importer(815301076,1909f56bfc062723c751e8b465ee728b)  -> (artifact id: '4e796be24203383eee656ddbfc5e28b4') in 0.013743 seconds
  Import took 0.017593 seconds .

========================================================================
Received Import Request.
  Time since last request: 0.000297 seconds.
  path: Assets/Creator Kit - RPG/Materials/Sprites.mat
  artifactKey: Guid(e129413db05d94ad28811d643da04b02) Importer(815301076,1909f56bfc062723c751e8b465ee728b)
Start importing Assets/Creator Kit - RPG/Materials/Sprites.mat using Guid(e129413db05d94ad28811d643da04b02) Importer(815301076,1909f56bfc062723c751e8b465ee728b)  -> (artifact id: '9ccc73fd23c3ac6c42cdcb806bb28c1c') in 0.012101 seconds
  Import took 0.015307 seconds .

========================================================================
Received Prepare
Registering precompiled user dll's ...
Registered in 0.002123 seconds.
Begin MonoManager ReloadAssembly
Native extension for WindowsStandalone target not found
Refreshing native plugins compatible for Editor in 0.41 ms, found 0 plugins.
Preloading 0 native plugins for Editor in 0.00 ms.
Invoked RoslynAnalysisRunner static constructor.
RoslynAnalysisRunner will not be running.
RoslynAnalysisRunner has terminated.
Mono: successfully reloaded assembly
- Completed reload, in  0.927 seconds
Platform modules already initialized, skipping
Refreshing native plugins compatible for Editor in 0.42 ms, found 0 plugins.
Preloading 0 native plugins for Editor in 0.00 ms.
Unloading 1490 Unused Serialized files (Serialized files now loaded: 0)
System memory in use before: 72.7 MB.
System memory in use after: 72.8 MB.

Unloading 26 unused Assets to reduce memory usage. Loaded Objects now: 1983.
Total: 2.923800 ms (FindLiveObjects: 0.269600 ms CreateObjectMapping: 0.118600 ms MarkObjects: 2.463400 ms  DeleteObjects: 0.071400 ms)

========================================================================
Received Prepare
Registering precompiled user dll's ...
Registered in 0.002165 seconds.
Begin MonoManager ReloadAssembly
Native extension for WindowsStandalone target not found
Refreshing native plugins compatible for Editor in 0.56 ms, found 0 plugins.
Preloading 0 native plugins for Editor in 0.00 ms.
Invoked RoslynAnalysisRunner static constructor.
RoslynAnalysisRunner will not be running.
RoslynAnalysisRunner has terminated.
Mono: successfully reloaded assembly
- Completed reload, in  0.809 seconds
Platform modules already initialized, skipping
Refreshing native plugins compatible for Editor in 0.41 ms, found 0 plugins.
Preloading 0 native plugins for Editor in 0.00 ms.
Unloading 1490 Unused Serialized files (Serialized files now loaded: 0)
System memory in use before: 72.7 MB.
System memory in use after: 72.8 MB.

Unloading 24 unused Assets to reduce memory usage. Loaded Objects now: 1986.
Total: 2.397200 ms (FindLiveObjects: 0.183700 ms CreateObjectMapping: 0.114100 ms MarkObjects: 2.050600 ms  DeleteObjects: 0.047500 ms)

========================================================================
Received Prepare
Registering precompiled user dll's ...
Registered in 0.003723 seconds.
Begin MonoManager ReloadAssembly
Native extension for WindowsStandalone target not found
Refreshing native plugins compatible for Editor in 0.56 ms, found 0 plugins.
Preloading 0 native plugins for Editor in 0.00 ms.
Invoked RoslynAnalysisRunner static constructor.
RoslynAnalysisRunner will not be running.
RoslynAnalysisRunner has terminated.
Mono: successfully reloaded assembly
- Completed reload, in  0.937 seconds
Platform modules already initialized, skipping
Refreshing native plugins compatible for Editor in 0.41 ms, found 0 plugins.
Preloading 0 native plugins for Editor in 0.00 ms.
Unloading 1490 Unused Serialized files (Serialized files now loaded: 0)
System memory in use before: 72.7 MB.
System memory in use after: 72.8 MB.

Unloading 24 unused Assets to reduce memory usage. Loaded Objects now: 1989.
Total: 2.585400 ms (FindLiveObjects: 0.216600 ms CreateObjectMapping: 0.185500 ms MarkObjects: 2.151400 ms  DeleteObjects: 0.030200 ms)

========================================================================
Received Import Request.
  Time since last request: 1474.959888 seconds.
  path: Assets/Creator Kit - RPG/Gameplay Prefabs/Environment/Animated Tree1.prefab
  artifactKey: Guid(d5abc895c284ea44aaf79bc56af78601) Importer(815301076,1909f56bfc062723c751e8b465ee728b)
Start importing Assets/Creator Kit - RPG/Gameplay Prefabs/Environment/Animated Tree1.prefab using Guid(d5abc895c284ea44aaf79bc56af78601) Importer(815301076,1909f56bfc062723c751e8b465ee728b)  -> (artifact id: 'e6f25ac520e0df29f2359f95e261b782') in 0.059080 seconds
  Import took 0.062811 seconds .

========================================================================
Received Import Request.
  Time since last request: 0.000315 seconds.
  path: Assets/Creator Kit - RPG/Gameplay Prefabs/Environment/Animated Tree3.prefab
  artifactKey: Guid(ff1fc1ae0e9ca2b41ae27dcecbb8fafb) Importer(815301076,1909f56bfc062723c751e8b465ee728b)
Start importing Assets/Creator Kit - RPG/Gameplay Prefabs/Environment/Animated Tree3.prefab using Guid(ff1fc1ae0e9ca2b41ae27dcecbb8fafb) Importer(815301076,1909f56bfc062723c751e8b465ee728b)  -> (artifact id: 'ef9d9da692eefe368351eb1e267f78bb') in 0.019495 seconds
  Import took 0.023023 seconds .

========================================================================
Received Import Request.
  Time since last request: 0.000400 seconds.
  path: Packages/com.unity.analytics/DataPrivacy/DataPrivacyButton.prefab
  artifactKey: Guid(71b11355001648444b41d17fd36c150d) Importer(815301076,1909f56bfc062723c751e8b465ee728b)
Start importing Packages/com.unity.analytics/DataPrivacy/DataPrivacyButton.prefab using Guid(71b11355001648444b41d17fd36c150d) Importer(815301076,1909f56bfc062723c751e8b465ee728b)  -> (artifact id: '9b9c74d079caa91db7b9ffefbc9a7040') in 0.033176 seconds
  Import took 0.037011 seconds .

========================================================================
Received Import Request.
  Time since last request: 0.000350 seconds.
  path: Assets/Creator Kit - RPG/Art/Tiles/Tiles.prefab
  artifactKey: Guid(66a9d607713234dcdad67f06eef62205) Importer(815301076,1909f56bfc062723c751e8b465ee728b)
Start importing Assets/Creator Kit - RPG/Art/Tiles/Tiles.prefab using Guid(66a9d607713234dcdad67f06eef62205) Importer(815301076,1909f56bfc062723c751e8b465ee728b)  -> (artifact id: '6f0eee2defe3c304491a2545d0542969') in 0.011405 seconds
  Import took 0.015678 seconds .

========================================================================
Received Import Request.
  Time since last request: 0.000362 seconds.
  path: Assets/Creator Kit - RPG/Gameplay Prefabs/Decorations/Bush 0.prefab
  artifactKey: Guid(13dcf6dcf8e0f442e95d8714dcc4ba15) Importer(815301076,1909f56bfc062723c751e8b465ee728b)
Start importing Assets/Creator Kit - RPG/Gameplay Prefabs/Decorations/Bush 0.prefab using Guid(13dcf6dcf8e0f442e95d8714dcc4ba15) Importer(815301076,1909f56bfc062723c751e8b465ee728b)  -> (artifact id: 'a7b329a0ccc1a63a2946ce0dbd9db59f') in 0.017034 seconds
  Import took 0.022427 seconds .

========================================================================
Received Import Request.
  Time since last request: 0.000355 seconds.
  path: Assets/Creator Kit - RPG/Gameplay Prefabs/Decorations/Bush 2.prefab
  artifactKey: Guid(ba139b8176ffc426bb00fbe377dd704a) Importer(815301076,1909f56bfc062723c751e8b465ee728b)
Start importing Assets/Creator Kit - RPG/Gameplay Prefabs/Decorations/Bush 2.prefab using Guid(ba139b8176ffc426bb00fbe377dd704a) Importer(815301076,1909f56bfc062723c751e8b465ee728b)  -> (artifact id: 'fbdf8bbf1733aaf727a6159c02636d39') in 0.020151 seconds
  Import took 0.023704 seconds .

========================================================================
Received Import Request.
  Time since last request: 0.000604 seconds.
  path: Assets/Creator Kit - RPG/Gameplay Prefabs/Decorations/Bush 4.prefab
  artifactKey: Guid(0b28bc885bfce48d6bff8900da845cb0) Importer(815301076,1909f56bfc062723c751e8b465ee728b)
Start importing Assets/Creator Kit - RPG/Gameplay Prefabs/Decorations/Bush 4.prefab using Guid(0b28bc885bfce48d6bff8900da845cb0) Importer(815301076,1909f56bfc062723c751e8b465ee728b)  -> (artifact id: '370fbebcbd68d622ec3fedfd166e8ff3') in 0.014839 seconds
  Import took 0.018938 seconds .

========================================================================
Received Import Request.
  Time since last request: 0.000502 seconds.
  path: Assets/Creator Kit - RPG/Gameplay Prefabs/Environment/Animated Tree2.prefab
  artifactKey: Guid(bac955241638c274aabfa061ef026008) Importer(815301076,1909f56bfc062723c751e8b465ee728b)
Start importing Assets/Creator Kit - RPG/Gameplay Prefabs/Environment/Animated Tree2.prefab using Guid(bac955241638c274aabfa061ef026008) Importer(815301076,1909f56bfc062723c751e8b465ee728b)  -> (artifact id: '10e50da276cd7bd477cb1c482a030e35') in 0.024917 seconds
  Import took 0.028466 seconds .

========================================================================
Received Import Request.
  Time since last request: 0.000272 seconds.
  path: Assets/Creator Kit - RPG/Gameplay Prefabs/StoryItem.prefab
  artifactKey: Guid(c14338f3a43e548bd89e6e11c7bcb803) Importer(815301076,1909f56bfc062723c751e8b465ee728b)
Start importing Assets/Creator Kit - RPG/Gameplay Prefabs/StoryItem.prefab using Guid(c14338f3a43e548bd89e6e11c7bcb803) Importer(815301076,1909f56bfc062723c751e8b465ee728b)  -> (artifact id: '07dbccf156ff5d9268100b18f38ca26f') in 0.011897 seconds
  Import took 0.015723 seconds .

========================================================================
Received Import Request.
  Time since last request: 0.000401 seconds.
  path: Assets/Creator Kit - RPG/Gameplay Prefabs/NPC.prefab
  artifactKey: Guid(74b5c6b26f0fc4028b9aac1a7a36767d) Importer(815301076,1909f56bfc062723c751e8b465ee728b)
Start importing Assets/Creator Kit - RPG/Gameplay Prefabs/NPC.prefab using Guid(74b5c6b26f0fc4028b9aac1a7a36767d) Importer(815301076,1909f56bfc062723c751e8b465ee728b)  -> (artifact id: '16dbb818b05569c6506903c8723b7153') in 0.036216 seconds
  Import took 0.040746 seconds .

========================================================================
Received Import Request.
  Time since last request: 0.000335 seconds.
  path: Assets/Creator Kit - RPG/Gameplay Prefabs/InventoryItem.prefab
  artifactKey: Guid(2a657642475934620a07fd2e829b35d7) Importer(815301076,1909f56bfc062723c751e8b465ee728b)
Start importing Assets/Creator Kit - RPG/Gameplay Prefabs/InventoryItem.prefab using Guid(2a657642475934620a07fd2e829b35d7) Importer(815301076,1909f56bfc062723c751e8b465ee728b)  -> (artifact id: 'a4b3674786cacecab842391fce94834f') in 0.018871 seconds
  Import took 0.022399 seconds .

========================================================================
Received Import Request.
  Time since last request: 0.000272 seconds.
  path: Assets/Creator Kit - RPG/Gameplay Prefabs/Environment/Leaves.prefab
  artifactKey: Guid(d377c9c5cc7e8448e9087960e6c26aec) Importer(815301076,1909f56bfc062723c751e8b465ee728b)
Start importing Assets/Creator Kit - RPG/Gameplay Prefabs/Environment/Leaves.prefab using Guid(d377c9c5cc7e8448e9087960e6c26aec) Importer(815301076,1909f56bfc062723c751e8b465ee728b)  -> (artifact id: 'f191ef42a5157744a1ddea6149be8299') in 0.016770 seconds
  Import took 0.020783 seconds .

========================================================================
Received Import Request.
  Time since last request: 0.000329 seconds.
  path: Assets/Creator Kit - RPG/Cutscene/Prefabs/Cutscene.prefab
  artifactKey: Guid(59277b2399f6844aa988bef6a308e319) Importer(815301076,1909f56bfc062723c751e8b465ee728b)
Start importing Assets/Creator Kit - RPG/Cutscene/Prefabs/Cutscene.prefab using Guid(59277b2399f6844aa988bef6a308e319) Importer(815301076,1909f56bfc062723c751e8b465ee728b)  -> (artifact id: 'f830963e9d6ad8d455ce8232b7440003') in 0.069695 seconds
  Import took 0.073250 seconds .

========================================================================
Received Import Request.
  Time since last request: 0.000361 seconds.
  path: Assets/Creator Kit - RPG/Gameplay Prefabs/Decorations/Bush 3.prefab
  artifactKey: Guid(8ad5c786eb7b149c09ecc04090b5087d) Importer(815301076,1909f56bfc062723c751e8b465ee728b)
Start importing Assets/Creator Kit - RPG/Gameplay Prefabs/Decorations/Bush 3.prefab using Guid(8ad5c786eb7b149c09ecc04090b5087d) Importer(815301076,1909f56bfc062723c751e8b465ee728b)  -> (artifact id: '3cb124e0b2eb94a4ff16b02aafc0332f') in 0.013570 seconds
  Import took 0.016409 seconds .

========================================================================
Received Import Request.
  Time since last request: 0.000287 seconds.
  path: Assets/Creator Kit - RPG/Gameplay Prefabs/Decorations/Bush 1.prefab
  artifactKey: Guid(71ba34d6d86b0486daec9d252186e8f3) Importer(815301076,1909f56bfc062723c751e8b465ee728b)
Start importing Assets/Creator Kit - RPG/Gameplay Prefabs/Decorations/Bush 1.prefab using Guid(71ba34d6d86b0486daec9d252186e8f3) Importer(815301076,1909f56bfc062723c751e8b465ee728b)  -> (artifact id: 'e5486ec4313ab47ed9c3139cd45c6e8e') in 0.017726 seconds
  Import took 0.021121 seconds .

========================================================================
Received Import Request.
  Time since last request: 0.000245 seconds.
  path: Packages/com.unity.xr.legacyinputhelpers/Prefabs/XRRig.prefab
  artifactKey: Guid(c116b7497ab8ca34c9188965d4295e27) Importer(815301076,1909f56bfc062723c751e8b465ee728b)
Start importing Packages/com.unity.xr.legacyinputhelpers/Prefabs/XRRig.prefab using Guid(c116b7497ab8ca34c9188965d4295e27) Importer(815301076,1909f56bfc062723c751e8b465ee728b)  -> (artifact id: '113e7884b6c69f3d84eee13089854a7b') in 0.013247 seconds
  Import took 0.015835 seconds .

========================================================================
Received Import Request.
  Time since last request: 128.729526 seconds.
  path: Assets/Creator Kit - RPG/Art/Sprites/Animated Environment/Materials/animated tree.mat
  artifactKey: Guid(358e783f7c908e844b7039f884f9af6b) Importer(815301076,1909f56bfc062723c751e8b465ee728b)
Start importing Assets/Creator Kit - RPG/Art/Sprites/Animated Environment/Materials/animated tree.mat using Guid(358e783f7c908e844b7039f884f9af6b) Importer(815301076,1909f56bfc062723c751e8b465ee728b)  -> (artifact id: '282c7cec46b1df3cd5fc5ab60bf04bb7') in 0.077523 seconds
  Import took 0.083169 seconds .

========================================================================
Received Import Request.
  Time since last request: 0.000754 seconds.
  path: Assets/Creator Kit - RPG/Art/Sprites/Environment/Materials/Cloud2.mat
  artifactKey: Guid(202f3e0ceb662494f8a83201d709cd3f) Importer(815301076,1909f56bfc062723c751e8b465ee728b)
Start importing Assets/Creator Kit - RPG/Art/Sprites/Environment/Materials/Cloud2.mat using Guid(202f3e0ceb662494f8a83201d709cd3f) Importer(815301076,1909f56bfc062723c751e8b465ee728b)  -> (artifact id: 'f5e147e4036a886d31bf6045ea69db76') in 0.017717 seconds
  Import took 0.022205 seconds .

========================================================================
Received Import Request.
  Time since last request: 0.000422 seconds.
  path: Assets/Creator Kit - RPG/Art/Sprites/Environment/Materials/House.mat
  artifactKey: Guid(0b61a0a78d8d27940bcc5a1c826c60d1) Importer(815301076,1909f56bfc062723c751e8b465ee728b)
Start importing Assets/Creator Kit - RPG/Art/Sprites/Environment/Materials/House.mat using Guid(0b61a0a78d8d27940bcc5a1c826c60d1) Importer(815301076,1909f56bfc062723c751e8b465ee728b)  -> (artifact id: '7f8cde338d5dd6a2823f7241d5ec7edb') in 0.017801 seconds
  Import took 0.022612 seconds .

========================================================================
Received Import Request.
  Time since last request: 0.000429 seconds.
  path: Assets/TextMesh Pro/Resources/Fonts & Materials/mr-pixel/VTF MisterPixel/otf/Mister Pixel Tools.otf
  artifactKey: Guid(7753de696a1e4154a8257ba639102f20) Importer(815301076,1909f56bfc062723c751e8b465ee728b)
Start importing Assets/TextMesh Pro/Resources/Fonts & Materials/mr-pixel/VTF MisterPixel/otf/Mister Pixel Tools.otf using Guid(7753de696a1e4154a8257ba639102f20) Importer(815301076,1909f56bfc062723c751e8b465ee728b)  -> (artifact id: 'ac854c50fbe62ef8ace06e64a356b915') in 0.092374 seconds
  Import took 0.098970 seconds .

========================================================================
Received Import Request.
  Time since last request: 0.000609 seconds.
  path: Assets/Creator Kit - RPG/Art/Sprites/Environment/Materials/Cloud.mat
  artifactKey: Guid(060c5795efb72534e9eed64c74d28ca9) Importer(815301076,1909f56bfc062723c751e8b465ee728b)
Start importing Assets/Creator Kit - RPG/Art/Sprites/Environment/Materials/Cloud.mat using Guid(060c5795efb72534e9eed64c74d28ca9) Importer(815301076,1909f56bfc062723c751e8b465ee728b)  -> (artifact id: '5f8b3f6f25ddedcbfb29ff1d12afde03') in 0.016613 seconds
  Import took 0.024722 seconds .

========================================================================
Received Import Request.
  Time since last request: 0.000467 seconds.
  path: Assets/Creator Kit - RPG/Art/Sprites/Animated Environment/Materials/water.mat
  artifactKey: Guid(3671cfb5fed740d45b83f09576b62db7) Importer(815301076,1909f56bfc062723c751e8b465ee728b)
Start importing Assets/Creator Kit - RPG/Art/Sprites/Animated Environment/Materials/water.mat using Guid(3671cfb5fed740d45b83f09576b62db7) Importer(815301076,1909f56bfc062723c751e8b465ee728b)  -> (artifact id: '7bedca76c6dce2e02330e9cb6d68bd3d') in 0.017491 seconds
  Import took 0.020672 seconds .

========================================================================
Received Import Request.
  Time since last request: 0.000263 seconds.
  path: Assets/Creator Kit - RPG/Art/Sprites/UI/Materials/DialogueBar.mat
  artifactKey: Guid(63f5d861b5822df4898e53fee1cba4e7) Importer(815301076,1909f56bfc062723c751e8b465ee728b)
Start importing Assets/Creator Kit - RPG/Art/Sprites/UI/Materials/DialogueBar.mat using Guid(63f5d861b5822df4898e53fee1cba4e7) Importer(815301076,1909f56bfc062723c751e8b465ee728b)  -> (artifact id: 'd04ffb9b8975203ca6e3b37397535273') in 0.020418 seconds
  Import took 0.024083 seconds .

========================================================================
Received Import Request.
  Time since last request: 0.000297 seconds.
  path: Assets/TextMesh Pro/Resources/Fonts & Materials/mr-pixel/VTF MisterPixel/otf/Mister Pixel Regular.otf
  artifactKey: Guid(c1b94c93cb93f3c4e8c25762bd5e47ad) Importer(815301076,1909f56bfc062723c751e8b465ee728b)
Start importing Assets/TextMesh Pro/Resources/Fonts & Materials/mr-pixel/VTF MisterPixel/otf/Mister Pixel Regular.otf using Guid(c1b94c93cb93f3c4e8c25762bd5e47ad) Importer(815301076,1909f56bfc062723c751e8b465ee728b)  -> (artifact id: 'be73c0c83a4044f03f1b2e9d55d2af2b') in 0.023394 seconds
  Import took 0.026195 seconds .

========================================================================
Received Import Request.
  Time since last request: 0.000223 seconds.
  path: Assets/TextMesh Pro/Resources/Fonts & Materials/Mister Pixel Regular SDF.asset
  artifactKey: Guid(4422fd8cf2666b84386346b5283ad2a7) Importer(815301076,1909f56bfc062723c751e8b465ee728b)
Start importing Assets/TextMesh Pro/Resources/Fonts & Materials/Mister Pixel Regular SDF.asset using Guid(4422fd8cf2666b84386346b5283ad2a7) Importer(815301076,1909f56bfc062723c751e8b465ee728b)  -> (artifact id: '5326699bfc6a014121bd294b308568bf') in 0.051060 seconds
  Import took 0.055291 seconds .

========================================================================
Received Import Request.
  Time since last request: 0.000277 seconds.
  path: Assets/Creator Kit - RPG/Art/Sprites/Environment/Materials/HouseRoof.mat
  artifactKey: Guid(94679678085550f4ab8e2c8b67434d93) Importer(815301076,1909f56bfc062723c751e8b465ee728b)
Start importing Assets/Creator Kit - RPG/Art/Sprites/Environment/Materials/HouseRoof.mat using Guid(94679678085550f4ab8e2c8b67434d93) Importer(815301076,1909f56bfc062723c751e8b465ee728b)  -> (artifact id: '8cbe42af584a1a9621bf46834af58218') in 0.012785 seconds
  Import took 0.016488 seconds .

========================================================================
Received Import Request.
  Time since last request: 55.715196 seconds.
  path: Assets/Creator Kit - RPG/Gameplay Prefabs
  artifactKey: Guid(b189abb49e1d94e4b90a1b5e5dfe5e0d) Importer(815301076,1909f56bfc062723c751e8b465ee728b)
Start importing Assets/Creator Kit - RPG/Gameplay Prefabs using Guid(b189abb49e1d94e4b90a1b5e5dfe5e0d) Importer(815301076,1909f56bfc062723c751e8b465ee728b)  -> (artifact id: '9839f6b49bbec6becf974441a02e2a8d') in 0.008030 seconds
  Import took 0.010967 seconds .

========================================================================
Received Import Request.
  Time since last request: 14.606193 seconds.
  path: Assets/Creator Kit - RPG/Art
  artifactKey: Guid(fe26b2fcc1f5cf54dadd1c2e0411cd0e) Importer(815301076,1909f56bfc062723c751e8b465ee728b)
Start importing Assets/Creator Kit - RPG/Art using Guid(fe26b2fcc1f5cf54dadd1c2e0411cd0e) Importer(815301076,1909f56bfc062723c751e8b465ee728b)  -> (artifact id: '3c204d65733baa6c400c307b1db9616e') in 0.008959 seconds
  Import took 0.012021 seconds .

========================================================================
Received Import Request.
  Time since last request: 1.818759 seconds.
  path: Assets/Creator Kit - RPG/Art/Sprites
  artifactKey: Guid(90d3ccbc039e56f4ca3f17d99b568b89) Importer(815301076,1909f56bfc062723c751e8b465ee728b)
Start importing Assets/Creator Kit - RPG/Art/Sprites using Guid(90d3ccbc039e56f4ca3f17d99b568b89) Importer(815301076,1909f56bfc062723c751e8b465ee728b)  -> (artifact id: '57a288e7a3e58da26a8fb2577c474007') in 0.003190 seconds
  Import took 0.007223 seconds .

========================================================================
Received Import Request.
  Time since last request: 0.665639 seconds.
  path: Assets/Creator Kit - RPG/Art/Sprites/Environment
  artifactKey: Guid(50016420c69a11740b94f0ada7190a8b) Importer(815301076,1909f56bfc062723c751e8b465ee728b)
Start importing Assets/Creator Kit - RPG/Art/Sprites/Environment using Guid(50016420c69a11740b94f0ada7190a8b) Importer(815301076,1909f56bfc062723c751e8b465ee728b)  -> (artifact id: '8ec9afab872b5be2a5c2778ace60be52') in 0.008603 seconds
  Import took 0.013037 seconds .

========================================================================
Received Import Request.
  Time since last request: 0.041830 seconds.
  path: Assets/Creator Kit - RPG/Art/Sprites/Environment/Cloud1.png
  artifactKey: Guid(3dd7a0a47117acb40adbfe0778729b81) Importer(815301076,1909f56bfc062723c751e8b465ee728b)
Start importing Assets/Creator Kit - RPG/Art/Sprites/Environment/Cloud1.png using Guid(3dd7a0a47117acb40adbfe0778729b81) Importer(815301076,1909f56bfc062723c751e8b465ee728b)  -> (artifact id: 'c25c4bba048d726781cc8d0ba615173d') in 0.085603 seconds
  Import took 0.088959 seconds .

========================================================================
Received Import Request.
  Time since last request: 0.000407 seconds.
  path: Assets/Creator Kit - RPG/Art/Sprites/Environment/Cloud2.png
  artifactKey: Guid(8770f05271826164aadd939d4728d3a1) Importer(815301076,1909f56bfc062723c751e8b465ee728b)
Start importing Assets/Creator Kit - RPG/Art/Sprites/Environment/Cloud2.png using Guid(8770f05271826164aadd939d4728d3a1) Importer(815301076,1909f56bfc062723c751e8b465ee728b)  -> (artifact id: '01d1ee910087493643b1719a7f3525e2') in 0.015646 seconds
  Import took 0.019346 seconds .

========================================================================
Received Import Request.
  Time since last request: 0.000478 seconds.
  path: Assets/Creator Kit - RPG/Art/Sprites/Environment/Fence.png
  artifactKey: Guid(a53d2c44340a6d14ea260ceefba9a1e8) Importer(815301076,1909f56bfc062723c751e8b465ee728b)
Start importing Assets/Creator Kit - RPG/Art/Sprites/Environment/Fence.png using Guid(a53d2c44340a6d14ea260ceefba9a1e8) Importer(815301076,1909f56bfc062723c751e8b465ee728b)  -> (artifact id: 'b5ccf3ca23cd5a2f56a3b7708abfae9a') in 0.055396 seconds
  Import took 0.059277 seconds .

========================================================================
Received Import Request.
  Time since last request: 0.000270 seconds.
  path: Assets/Creator Kit - RPG/Art/Sprites/Environment/HouseRoof.png
  artifactKey: Guid(b694b22057cf35c4e96748f66d3f1f75) Importer(815301076,1909f56bfc062723c751e8b465ee728b)
Start importing Assets/Creator Kit - RPG/Art/Sprites/Environment/HouseRoof.png using Guid(b694b22057cf35c4e96748f66d3f1f75) Importer(815301076,1909f56bfc062723c751e8b465ee728b)  -> (artifact id: '389f546d02ae3ae778822c0a9cb152e5') in 0.013551 seconds
  Import took 0.016257 seconds .

========================================================================
Received Import Request.
  Time since last request: 0.000274 seconds.
  path: Assets/Creator Kit - RPG/Art/Sprites/Environment/static environment objects.png
  artifactKey: Guid(e10c13642d970a64cbfb16f898fcd46c) Importer(815301076,1909f56bfc062723c751e8b465ee728b)
Start importing Assets/Creator Kit - RPG/Art/Sprites/Environment/static environment objects.png using Guid(e10c13642d970a64cbfb16f898fcd46c) Importer(815301076,1909f56bfc062723c751e8b465ee728b)  -> (artifact id: 'b419e3ec16c755114fdfb03598eddc7e') in 0.043439 seconds
  Import took 0.047453 seconds .

========================================================================
Received Import Request.
  Time since last request: 0.000408 seconds.
  path: Assets/Creator Kit - RPG/Art/Sprites/Environment/RockCliff.png
  artifactKey: Guid(b63a2439c80a4fe45bfe85f860f4b8d9) Importer(815301076,1909f56bfc062723c751e8b465ee728b)
Start importing Assets/Creator Kit - RPG/Art/Sprites/Environment/RockCliff.png using Guid(b63a2439c80a4fe45bfe85f860f4b8d9) Importer(815301076,1909f56bfc062723c751e8b465ee728b)  -> (artifact id: 'fb62f2c83664adecc332231384378c8a') in 0.029555 seconds
  Import took 0.033218 seconds .

========================================================================
Received Import Request.
  Time since last request: 0.000468 seconds.
  path: Assets/Creator Kit - RPG/Art/Sprites/Environment/House.png
  artifactKey: Guid(8a9662b554744da4e97ed5bba5353115) Importer(815301076,1909f56bfc062723c751e8b465ee728b)
Start importing Assets/Creator Kit - RPG/Art/Sprites/Environment/House.png using Guid(8a9662b554744da4e97ed5bba5353115) Importer(815301076,1909f56bfc062723c751e8b465ee728b)  -> (artifact id: '00fbd4916c454d3cb005ef4e0ae02449') in 0.077339 seconds
  Import took 0.080318 seconds .

========================================================================
Received Import Request.
  Time since last request: 0.000321 seconds.
  path: Assets/Creator Kit - RPG/Art/Sprites/Environment/HouseChimney.png
  artifactKey: Guid(abdcf40be89574346bcdb8a45022ba72) Importer(815301076,1909f56bfc062723c751e8b465ee728b)
Start importing Assets/Creator Kit - RPG/Art/Sprites/Environment/HouseChimney.png using Guid(abdcf40be89574346bcdb8a45022ba72) Importer(815301076,1909f56bfc062723c751e8b465ee728b)  -> (artifact id: 'b69c9cf1675986061ca761232be4ce34') in 0.014573 seconds
  Import took 0.017771 seconds .

========================================================================
Received Import Request.
  Time since last request: 0.000290 seconds.
  path: Assets/Creator Kit - RPG/Art/Sprites/Environment/Cloud3.png
  artifactKey: Guid(f3fd60347f10d1f46aa6495101e7de38) Importer(815301076,1909f56bfc062723c751e8b465ee728b)
Start importing Assets/Creator Kit - RPG/Art/Sprites/Environment/Cloud3.png using Guid(f3fd60347f10d1f46aa6495101e7de38) Importer(815301076,1909f56bfc062723c751e8b465ee728b)  -> (artifact id: 'ea39b88bef36d3ce7244a4e495f59d4e') in 0.017374 seconds
  Import took 0.021303 seconds .

========================================================================
Received Import Request.
  Time since last request: 0.000495 seconds.
  path: Assets/Creator Kit - RPG/Art/Sprites/Environment/Items.png
  artifactKey: Guid(a4dbce958f01af8489942a973bfe20c3) Importer(815301076,1909f56bfc062723c751e8b465ee728b)
Start importing Assets/Creator Kit - RPG/Art/Sprites/Environment/Items.png using Guid(a4dbce958f01af8489942a973bfe20c3) Importer(815301076,1909f56bfc062723c751e8b465ee728b)  -> (artifact id: '6f0e0f36373715e34f2574316372c15e') in 0.041510 seconds
  Import took 0.046917 seconds .

========================================================================
Received Import Request.
  Time since last request: 0.000287 seconds.
  path: Assets/Creator Kit - RPG/Art/Sprites/Environment/Pipeline_Walkpath.png
  artifactKey: Guid(4567a16d0e0692048b18bfbb59a5b426) Importer(815301076,1909f56bfc062723c751e8b465ee728b)
Start importing Assets/Creator Kit - RPG/Art/Sprites/Environment/Pipeline_Walkpath.png using Guid(4567a16d0e0692048b18bfbb59a5b426) Importer(815301076,1909f56bfc062723c751e8b465ee728b)  -> (artifact id: '5b8cb364d1d59cb6fe79bd84b8a1a5c2') in 0.050142 seconds
  Import took 0.053195 seconds .

========================================================================
Received Import Request.
  Time since last request: 0.000359 seconds.
  path: Assets/Creator Kit - RPG/Art/Sprites/Environment/Pipeline_StoneWalkpath.png
  artifactKey: Guid(b2cf06612d923d6438d12b0d3a2c7ecc) Importer(815301076,1909f56bfc062723c751e8b465ee728b)
Start importing Assets/Creator Kit - RPG/Art/Sprites/Environment/Pipeline_StoneWalkpath.png using Guid(b2cf06612d923d6438d12b0d3a2c7ecc) Importer(815301076,1909f56bfc062723c751e8b465ee728b)  -> (artifact id: 'ff967232f963de214151cd1fcd64c480') in 0.045902 seconds
  Import took 0.050058 seconds .

========================================================================
Received Import Request.
  Time since last request: 939.646590 seconds.
  path: Assets/Creator Kit - RPG/Cutscene/Transitions/transition-0.png
  artifactKey: Guid(dfb93313495e3e545bdfc38ede4aaeaf) Importer(815301076,1909f56bfc062723c751e8b465ee728b)
Start importing Assets/Creator Kit - RPG/Cutscene/Transitions/transition-0.png using Guid(dfb93313495e3e545bdfc38ede4aaeaf) Importer(815301076,1909f56bfc062723c751e8b465ee728b)  -> (artifact id: 'd7b55e5a997ea490694b064ba652710e') in 0.025527 seconds
  Import took 0.030555 seconds .

========================================================================
Received Import Request.
  Time since last request: 0.000500 seconds.
  path: Assets/Creator Kit - RPG/Cutscene/Transitions/transition-8.png
  artifactKey: Guid(f386caa51fda60946b845e8202947bde) Importer(815301076,1909f56bfc062723c751e8b465ee728b)
Start importing Assets/Creator Kit - RPG/Cutscene/Transitions/transition-8.png using Guid(f386caa51fda60946b845e8202947bde) Importer(815301076,1909f56bfc062723c751e8b465ee728b)  -> (artifact id: '13c851009c39514cefa586fab29acc4b') in 0.030002 seconds
  Import took 0.033500 seconds .

========================================================================
Received Import Request.
  Time since last request: 0.000313 seconds.
  path: Assets/Creator Kit - RPG/Cutscene/Transitions/transition-2.png
  artifactKey: Guid(603e7c83c444ad8439b4f3972d6ac914) Importer(815301076,1909f56bfc062723c751e8b465ee728b)
Start importing Assets/Creator Kit - RPG/Cutscene/Transitions/transition-2.png using Guid(603e7c83c444ad8439b4f3972d6ac914) Importer(815301076,1909f56bfc062723c751e8b465ee728b)  -> (artifact id: '211546874226b849f520c91e05d57631') in 0.025703 seconds
  Import took 0.029066 seconds .

========================================================================
Received Import Request.
  Time since last request: 0.000267 seconds.
  path: Assets/Creator Kit - RPG/Cutscene/Transitions/transition-6.png
  artifactKey: Guid(8738b94501ca6ea4f947fc66f8fbbd16) Importer(815301076,1909f56bfc062723c751e8b465ee728b)
Start importing Assets/Creator Kit - RPG/Cutscene/Transitions/transition-6.png using Guid(8738b94501ca6ea4f947fc66f8fbbd16) Importer(815301076,1909f56bfc062723c751e8b465ee728b)  -> (artifact id: 'e9e7104797f0abdfb4b50074706390e6') in 0.019848 seconds
  Import took 0.023036 seconds .

========================================================================
Received Import Request.
  Time since last request: 0.000563 seconds.
  path: Assets/Creator Kit - RPG/Cutscene/Transitions/transition-4.png
  artifactKey: Guid(a4273a4d8401bf045ad8d41316011d66) Importer(815301076,1909f56bfc062723c751e8b465ee728b)
Start importing Assets/Creator Kit - RPG/Cutscene/Transitions/transition-4.png using Guid(a4273a4d8401bf045ad8d41316011d66) Importer(815301076,1909f56bfc062723c751e8b465ee728b)  -> (artifact id: 'bbd076624752fac8f33498f2fd38ff44') in 0.023610 seconds
  Import took 0.028811 seconds .

========================================================================
Received Import Request.
  Time since last request: 0.000280 seconds.
  path: Assets/Creator Kit - RPG/Cutscene/Transitions/transition-1.png
  artifactKey: Guid(a63c75c41e96a194d8bf311412e6db27) Importer(815301076,1909f56bfc062723c751e8b465ee728b)
Start importing Assets/Creator Kit - RPG/Cutscene/Transitions/transition-1.png using Guid(a63c75c41e96a194d8bf311412e6db27) Importer(815301076,1909f56bfc062723c751e8b465ee728b)  -> (artifact id: '99bc1e535d681aaabad60888f6da8b6e') in 0.024332 seconds
  Import took 0.028196 seconds .

========================================================================
Received Import Request.
  Time since last request: 0.000334 seconds.
  path: Assets/Creator Kit - RPG/Cutscene/Transitions/transition-3.png
  artifactKey: Guid(2f68931e5fb2dd04695942636863ea61) Importer(815301076,1909f56bfc062723c751e8b465ee728b)
Start importing Assets/Creator Kit - RPG/Cutscene/Transitions/transition-3.png using Guid(2f68931e5fb2dd04695942636863ea61) Importer(815301076,1909f56bfc062723c751e8b465ee728b)  -> (artifact id: '2b712b87b393bfc834c86619a4c156ef') in 0.022285 seconds
  Import took 0.026516 seconds .

========================================================================
Received Import Request.
  Time since last request: 0.000784 seconds.
  path: Assets/Creator Kit - RPG/Cutscene/Transitions/transition-9.png
  artifactKey: Guid(9e2d0a4ff6764d7408ad133246a77808) Importer(815301076,1909f56bfc062723c751e8b465ee728b)
Start importing Assets/Creator Kit - RPG/Cutscene/Transitions/transition-9.png using Guid(9e2d0a4ff6764d7408ad133246a77808) Importer(815301076,1909f56bfc062723c751e8b465ee728b)  -> (artifact id: '29f602f42beb0185de64822c518f4c7f') in 0.022114 seconds
  Import took 0.026329 seconds .

========================================================================
Received Import Request.
  Time since last request: 0.000324 seconds.
  path: Assets/Creator Kit - RPG/Cutscene/Transitions/transition-7.png
  artifactKey: Guid(d3324c3b752839b45b6388e3d903e9fc) Importer(815301076,1909f56bfc062723c751e8b465ee728b)
Start importing Assets/Creator Kit - RPG/Cutscene/Transitions/transition-7.png using Guid(d3324c3b752839b45b6388e3d903e9fc) Importer(815301076,1909f56bfc062723c751e8b465ee728b)  -> (artifact id: '31d4bbbf6d5279f75b1bc11343943510') in 0.025770 seconds
  Import took 0.030160 seconds .

========================================================================
Received Import Request.
  Time since last request: 0.000291 seconds.
  path: Assets/Creator Kit - RPG/Cutscene/Transitions/transition-5.png
  artifactKey: Guid(ec4aabbaa0bb5114dbc4912f2c51eb38) Importer(815301076,1909f56bfc062723c751e8b465ee728b)
Start importing Assets/Creator Kit - RPG/Cutscene/Transitions/transition-5.png using Guid(ec4aabbaa0bb5114dbc4912f2c51eb38) Importer(815301076,1909f56bfc062723c751e8b465ee728b)  -> (artifact id: '456cc29470b1bc4d3d225cbb969ad40d') in 0.020415 seconds
  Import took 0.026604 seconds .

========================================================================
Received Import Request.
  Time since last request: 104.442355 seconds.
  path: Assets/Creator Kit - RPG/Art/Sprites/Characters/Characters02_AnimationSheet.png
  artifactKey: Guid(3f198c94b65508c44a32b4b4072bb419) Importer(815301076,1909f56bfc062723c751e8b465ee728b)
Start importing Assets/Creator Kit - RPG/Art/Sprites/Characters/Characters02_AnimationSheet.png using Guid(3f198c94b65508c44a32b4b4072bb419) Importer(815301076,1909f56bfc062723c751e8b465ee728b)  -> (artifact id: '04f17cf99423cb3bf4b4bec1600d82dc') in 0.121035 seconds
  Import took 0.126409 seconds .

========================================================================
Received Import Request.
  Time since last request: 11.456798 seconds.
  path: Assets/Creator Kit - RPG/Art/Sprites/Animated Environment/Animated_WaterCorners_Sheet.png
  artifactKey: Guid(cb2c6dcd19a1c244c9fcc9bd04cebd2d) Importer(815301076,1909f56bfc062723c751e8b465ee728b)
Start importing Assets/Creator Kit - RPG/Art/Sprites/Animated Environment/Animated_WaterCorners_Sheet.png using Guid(cb2c6dcd19a1c244c9fcc9bd04cebd2d) Importer(815301076,1909f56bfc062723c751e8b465ee728b)  -> (artifact id: 'd8eab2f6831e95291b58d1b2fc3d6295') in 0.074582 seconds
  Import took 0.078193 seconds .

========================================================================
Received Prepare
Registering precompiled user dll's ...
Registered in 0.002530 seconds.
Begin MonoManager ReloadAssembly
Native extension for WindowsStandalone target not found
Refreshing native plugins compatible for Editor in 0.51 ms, found 0 plugins.
Preloading 0 native plugins for Editor in 0.00 ms.
Invoked RoslynAnalysisRunner static constructor.
RoslynAnalysisRunner will not be running.
RoslynAnalysisRunner has terminated.
Mono: successfully reloaded assembly
- Completed reload, in  0.753 seconds
Platform modules already initialized, skipping
Refreshing native plugins compatible for Editor in 0.43 ms, found 0 plugins.
Preloading 0 native plugins for Editor in 0.00 ms.
Unloading 1490 Unused Serialized files (Serialized files now loaded: 0)
System memory in use before: 73.1 MB.
System memory in use after: 73.2 MB.

Unloading 25 unused Assets to reduce memory usage. Loaded Objects now: 2026.
Total: 3.607100 ms (FindLiveObjects: 0.300500 ms CreateObjectMapping: 0.099800 ms MarkObjects: 3.159100 ms  DeleteObjects: 0.045500 ms)

========================================================================
Received Import Request.
  Time since last request: 85.402156 seconds.
  path: Assets/Creator Kit - RPG/Art/Animators/Archer-Override.overrideController
  artifactKey: Guid(7ee3425d802434ff69fadaff765bcb79) Importer(815301076,1909f56bfc062723c751e8b465ee728b)
Start importing Assets/Creator Kit - RPG/Art/Animators/Archer-Override.overrideController using Guid(7ee3425d802434ff69fadaff765bcb79) Importer(815301076,1909f56bfc062723c751e8b465ee728b)  -> (artifact id: '96b2208fa41c49364b663a1829221c06') in 0.034393 seconds
  Import took 0.038073 seconds .

========================================================================
Received Import Request.
  Time since last request: 0.000368 seconds.
  path: Assets/Creator Kit - RPG/Art/Animators/Thief-Override.overrideController
  artifactKey: Guid(7bfb43d7068f94aff8f20e9a7916bee6) Importer(815301076,1909f56bfc062723c751e8b465ee728b)
Start importing Assets/Creator Kit - RPG/Art/Animators/Thief-Override.overrideController using Guid(7bfb43d7068f94aff8f20e9a7916bee6) Importer(815301076,1909f56bfc062723c751e8b465ee728b)  -> (artifact id: 'f5a70155cf91261f811a2cd3d9fffdac') in 0.014620 seconds
  Import took 0.018930 seconds .

========================================================================
Received Import Request.
  Time since last request: 0.000626 seconds.
  path: Assets/Creator Kit - RPG/Art/Animators/Archer-Override.overrideController
  artifactKey: Guid(7ee3425d802434ff69fadaff765bcb79) Importer(815301076,1909f56bfc062723c751e8b465ee728b)
Start importing Assets/Creator Kit - RPG/Art/Animators/Archer-Override.overrideController using Guid(7ee3425d802434ff69fadaff765bcb79) Importer(815301076,1909f56bfc062723c751e8b465ee728b)  -> (artifact id: '96b2208fa41c49364b663a1829221c06') in 0.011834 seconds
  Import took 0.015616 seconds .

========================================================================
Received Import Request.
  Time since last request: 0.000410 seconds.
  path: Assets/Creator Kit - RPG/Art/Animators/Warrior-Override.overrideController
  artifactKey: Guid(3caa1e5e0e6c343d69793b2b5dd95939) Importer(815301076,1909f56bfc062723c751e8b465ee728b)
Start importing Assets/Creator Kit - RPG/Art/Animators/Warrior-Override.overrideController using Guid(3caa1e5e0e6c343d69793b2b5dd95939) Importer(815301076,1909f56bfc062723c751e8b465ee728b)  -> (artifact id: '7a68a5c8bc521381168b5a77b5248aa3') in 0.013013 seconds
  Import took 0.019477 seconds .

========================================================================
Received Import Request.
  Time since last request: 0.000383 seconds.
  path: Assets/Creator Kit - RPG/Art/Animators/Thief-Override.overrideController
  artifactKey: Guid(7bfb43d7068f94aff8f20e9a7916bee6) Importer(815301076,1909f56bfc062723c751e8b465ee728b)
Start importing Assets/Creator Kit - RPG/Art/Animators/Thief-Override.overrideController using Guid(7bfb43d7068f94aff8f20e9a7916bee6) Importer(815301076,1909f56bfc062723c751e8b465ee728b)  -> (artifact id: 'f5a70155cf91261f811a2cd3d9fffdac') in 0.010211 seconds
  Import took 0.015616 seconds .

========================================================================
Received Import Request.
  Time since last request: 0.006333 seconds.
  path: Assets/Creator Kit - RPG/Art/Animators/Warrior-Override.overrideController
  artifactKey: Guid(3caa1e5e0e6c343d69793b2b5dd95939) Importer(815301076,1909f56bfc062723c751e8b465ee728b)
Start importing Assets/Creator Kit - RPG/Art/Animators/Warrior-Override.overrideController using Guid(3caa1e5e0e6c343d69793b2b5dd95939) Importer(815301076,1909f56bfc062723c751e8b465ee728b)  -> (artifact id: '7a68a5c8bc521381168b5a77b5248aa3') in 0.010695 seconds
  Import took 0.014745 seconds .

========================================================================
Received Prepare
Registering precompiled user dll's ...
Registered in 0.004167 seconds.
Begin MonoManager ReloadAssembly
Native extension for WindowsStandalone target not found
Refreshing native plugins compatible for Editor in 0.54 ms, found 0 plugins.
Preloading 0 native plugins for Editor in 0.00 ms.
Invoked RoslynAnalysisRunner static constructor.
RoslynAnalysisRunner will not be running.
RoslynAnalysisRunner has terminated.
Mono: successfully reloaded assembly
- Completed reload, in  0.748 seconds
Platform modules already initialized, skipping
Refreshing native plugins compatible for Editor in 0.46 ms, found 0 plugins.
Preloading 0 native plugins for Editor in 0.00 ms.
Unloading 1490 Unused Serialized files (Serialized files now loaded: 0)
System memory in use before: 73.1 MB.
System memory in use after: 73.2 MB.

Unloading 24 unused Assets to reduce memory usage. Loaded Objects now: 2029.
Total: 3.436200 ms (FindLiveObjects: 0.380600 ms CreateObjectMapping: 0.118300 ms MarkObjects: 2.894300 ms  DeleteObjects: 0.041700 ms)

========================================================================
Received Import Request.
  Time since last request: 1054.986663 seconds.
  path: Assets/Creator Kit - RPG/Art/Sprites/Characters/Characters01_AnimationSheet.png
  artifactKey: Guid(f22540e8ea335034b92c27795aa254c6) Importer(815301076,1909f56bfc062723c751e8b465ee728b)
Start importing Assets/Creator Kit - RPG/Art/Sprites/Characters/Characters01_AnimationSheet.png using Guid(f22540e8ea335034b92c27795aa254c6) Importer(815301076,1909f56bfc062723c751e8b465ee728b)  -> (artifact id: '8aa2acd70bb4cc1b808d6ab736fafc14') in 0.196027 seconds
  Import took 0.200397 seconds .

========================================================================
Received Import Request.
  Time since last request: 0.000370 seconds.
  path: Assets/Creator Kit - RPG/Art/Sprites/Animated Environment/Animated_HighGrass_Sheet.png
  artifactKey: Guid(41a5838cb902bfa43b3d51f653cd804a) Importer(815301076,1909f56bfc062723c751e8b465ee728b)
Start importing Assets/Creator Kit - RPG/Art/Sprites/Animated Environment/Animated_HighGrass_Sheet.png using Guid(41a5838cb902bfa43b3d51f653cd804a) Importer(815301076,1909f56bfc062723c751e8b465ee728b)  -> (artifact id: 'b889c3d4255141f76de477a0454e9d23') in 0.153168 seconds
  Import took 0.156790 seconds .

========================================================================
Received Import Request.
  Time since last request: 0.001555 seconds.
  path: Assets/Creator Kit - RPG/Art/Sprites/Animated Environment/Animated_HighGrass_Sheet.png
  artifactKey: Guid(41a5838cb902bfa43b3d51f653cd804a) Importer(815301076,1909f56bfc062723c751e8b465ee728b)
Start importing Assets/Creator Kit - RPG/Art/Sprites/Animated Environment/Animated_HighGrass_Sheet.png using Guid(41a5838cb902bfa43b3d51f653cd804a) Importer(815301076,1909f56bfc062723c751e8b465ee728b)  -> (artifact id: 'b889c3d4255141f76de477a0454e9d23') in 0.152972 seconds
  Import took 0.157259 seconds .

========================================================================
Received Import Request.
  Time since last request: 37.312563 seconds.
  path: Assets/Creator Kit - RPG/Art/Sprites/Animated Environment/Animated_Tree2_Sheet.png
  artifactKey: Guid(4c4775fa3485eda4197558b5d1206d16) Importer(815301076,1909f56bfc062723c751e8b465ee728b)
Start importing Assets/Creator Kit - RPG/Art/Sprites/Animated Environment/Animated_Tree2_Sheet.png using Guid(4c4775fa3485eda4197558b5d1206d16) Importer(815301076,1909f56bfc062723c751e8b465ee728b)  -> (artifact id: '1848f234c1a48728650bbe74f9ef845d') in 0.038431 seconds
  Import took 0.041826 seconds .

========================================================================
Received Import Request.
  Time since last request: 0.009110 seconds.
  path: Assets/Creator Kit - RPG/Art/Sprites/Animated Environment/Animated_Tree3_Sheet.png
  artifactKey: Guid(12d14b4f7de20ff4da9bc415c17c4162) Importer(815301076,1909f56bfc062723c751e8b465ee728b)
Start importing Assets/Creator Kit - RPG/Art/Sprites/Animated Environment/Animated_Tree3_Sheet.png using Guid(12d14b4f7de20ff4da9bc415c17c4162) Importer(815301076,1909f56bfc062723c751e8b465ee728b)  -> (artifact id: '0e6384005dd89aad4964c547812ddaae') in 0.040019 seconds
  Import took 0.044563 seconds .

========================================================================
Received Import Request.
  Time since last request: 0.002777 seconds.
  path: Assets/Creator Kit - RPG/Art/Sprites/Animated Environment/Animated_Tree3_Sheet.png
  artifactKey: Guid(12d14b4f7de20ff4da9bc415c17c4162) Importer(815301076,1909f56bfc062723c751e8b465ee728b)
Start importing Assets/Creator Kit - RPG/Art/Sprites/Animated Environment/Animated_Tree3_Sheet.png using Guid(12d14b4f7de20ff4da9bc415c17c4162) Importer(815301076,1909f56bfc062723c751e8b465ee728b)  -> (artifact id: '0e6384005dd89aad4964c547812ddaae') in 0.038086 seconds
  Import took 0.042194 seconds .

========================================================================
Received Import Request.
  Time since last request: 0.000494 seconds.
  path: Assets/Creator Kit - RPG/Art/Sprites/Animated Environment/Animated_Tree1_Sheet.png
  artifactKey: Guid(c12a9ef0e75f18949a86a10822cf29f5) Importer(815301076,1909f56bfc062723c751e8b465ee728b)
Start importing Assets/Creator Kit - RPG/Art/Sprites/Animated Environment/Animated_Tree1_Sheet.png using Guid(c12a9ef0e75f18949a86a10822cf29f5) Importer(815301076,1909f56bfc062723c751e8b465ee728b)  -> (artifact id: '1a25877a46851d04a608026045133209') in 0.039435 seconds
  Import took 0.043611 seconds .

========================================================================
Received Import Request.
  Time since last request: 1.687080 seconds.
  path: Assets/Creator Kit - RPG/Art/Sprites/UI/DialogueBar.psd
  artifactKey: Guid(864d53185d49afd4ba160601369e6557) Importer(815301076,1909f56bfc062723c751e8b465ee728b)
Start importing Assets/Creator Kit - RPG/Art/Sprites/UI/DialogueBar.psd using Guid(864d53185d49afd4ba160601369e6557) Importer(815301076,1909f56bfc062723c751e8b465ee728b)  -> (artifact id: 'f8979334b6ef693c624d3264122aaf83') in 0.022483 seconds
  Import took 0.027834 seconds .

========================================================================
Received Prepare
Registering precompiled user dll's ...
Registered in 0.002125 seconds.
Begin MonoManager ReloadAssembly
Native extension for WindowsStandalone target not found
Refreshing native plugins compatible for Editor in 0.41 ms, found 0 plugins.
Preloading 0 native plugins for Editor in 0.00 ms.
Invoked RoslynAnalysisRunner static constructor.
RoslynAnalysisRunner will not be running.
RoslynAnalysisRunner has terminated.
Mono: successfully reloaded assembly
- Completed reload, in  0.721 seconds
Platform modules already initialized, skipping
Refreshing native plugins compatible for Editor in 0.41 ms, found 0 plugins.
Preloading 0 native plugins for Editor in 0.00 ms.
Unloading 1490 Unused Serialized files (Serialized files now loaded: 0)
System memory in use before: 73.2 MB.
System memory in use after: 73.3 MB.

Unloading 24 unused Assets to reduce memory usage. Loaded Objects now: 2035.
Total: 3.490600 ms (FindLiveObjects: 0.328900 ms CreateObjectMapping: 0.073700 ms MarkObjects: 3.041500 ms  DeleteObjects: 0.045400 ms)

========================================================================
Received Import Request.
  Time since last request: 1019.783379 seconds.
  path: Assets/TutorialInfo/Icons/icon_tutorial_package.png
  artifactKey: Guid(6e9845f3dd8af6e478e6d87fd1fb4fde) Importer(815301076,1909f56bfc062723c751e8b465ee728b)
Start importing Assets/TutorialInfo/Icons/icon_tutorial_package.png using Guid(6e9845f3dd8af6e478e6d87fd1fb4fde) Importer(815301076,1909f56bfc062723c751e8b465ee728b)  -> (artifact id: '67a2c3105c5b941f8ffff417194a73d1') in 0.094608 seconds
  Import took 0.101971 seconds .

========================================================================
Received Import Request.
  Time since last request: 0.000446 seconds.
  path: Assets/Creator Kit - RPG/Art/Sprites/Animated Environment/Animated_Leaves_Sheet.png
  artifactKey: Guid(96e993a3f475b384f845f47980d6d932) Importer(815301076,1909f56bfc062723c751e8b465ee728b)
Start importing Assets/Creator Kit - RPG/Art/Sprites/Animated Environment/Animated_Leaves_Sheet.png using Guid(96e993a3f475b384f845f47980d6d932) Importer(815301076,1909f56bfc062723c751e8b465ee728b)  -> (artifact id: 'aa4195caae4e6243e081add7d6071b1c') in 0.026259 seconds
  Import took 0.028961 seconds .

========================================================================
Received Import Request.
  Time since last request: 5.107373 seconds.
  path: Assets/Creator Kit - RPG/Art/Sprites/Animated Environment/Animated_Smoke_Sheet.png
  artifactKey: Guid(5cc535ba862941440a276a5629cd0391) Importer(815301076,1909f56bfc062723c751e8b465ee728b)
Start importing Assets/Creator Kit - RPG/Art/Sprites/Animated Environment/Animated_Smoke_Sheet.png using Guid(5cc535ba862941440a276a5629cd0391) Importer(815301076,1909f56bfc062723c751e8b465ee728b)  -> (artifact id: 'e0ac5d4d39372a8f1350be1c45255b1f') in 0.041050 seconds
  Import took 0.047409 seconds .

========================================================================
Received Import Request.
  Time since last request: 7.694932 seconds.
  path: Assets/Creator Kit - RPG/Art/Sprites/Floors/Tiles_Desert.png
  artifactKey: Guid(3fee7df828e6f284bbcf208bce9c5e21) Importer(815301076,1909f56bfc062723c751e8b465ee728b)
Start importing Assets/Creator Kit - RPG/Art/Sprites/Floors/Tiles_Desert.png using Guid(3fee7df828e6f284bbcf208bce9c5e21) Importer(815301076,1909f56bfc062723c751e8b465ee728b)  -> (artifact id: '9dbddb9bb331a666d6d63b8366172b89') in 0.035722 seconds
  Import took 0.039264 seconds .

========================================================================
Received Import Request.
  Time since last request: 2.292474 seconds.
  path: Assets/Creator Kit - RPG/Art/Sprites/Floors/Tiles_DesertToGrass.png
  artifactKey: Guid(e1a1413c04362fd45b5c32ba9200e42b) Importer(815301076,1909f56bfc062723c751e8b465ee728b)
Start importing Assets/Creator Kit - RPG/Art/Sprites/Floors/Tiles_DesertToGrass.png using Guid(e1a1413c04362fd45b5c32ba9200e42b) Importer(815301076,1909f56bfc062723c751e8b465ee728b)  -> (artifact id: 'f18b1f50bebb9355b96f675d65fe249d') in 0.035992 seconds
  Import took 0.039961 seconds .

========================================================================
Received Import Request.
  Time since last request: 0.065382 seconds.
  path: Assets/Creator Kit - RPG/Art/Sprites/Floors/Tiles_Grass.png
  artifactKey: Guid(f0c5dcd8670748f44885d4dd86ca8c11) Importer(815301076,1909f56bfc062723c751e8b465ee728b)
Start importing Assets/Creator Kit - RPG/Art/Sprites/Floors/Tiles_Grass.png using Guid(f0c5dcd8670748f44885d4dd86ca8c11) Importer(815301076,1909f56bfc062723c751e8b465ee728b)  -> (artifact id: '5cada0e04286511e892199c2e75b49ad') in 0.032526 seconds
  Import took 0.036427 seconds .

========================================================================
Received Import Request.
  Time since last request: 0.047843 seconds.
  path: Assets/Creator Kit - RPG/Art/Sprites/Floors/Tiles_DarkGrasstoGrass.png
  artifactKey: Guid(c0a5a87d19188f54ebc44df12c0ef2c5) Importer(815301076,1909f56bfc062723c751e8b465ee728b)
Start importing Assets/Creator Kit - RPG/Art/Sprites/Floors/Tiles_DarkGrasstoGrass.png using Guid(c0a5a87d19188f54ebc44df12c0ef2c5) Importer(815301076,1909f56bfc062723c751e8b465ee728b)  -> (artifact id: 'e2539b24287eda54299acbec0a6dcd54') in 0.032275 seconds
  Import took 0.036037 seconds .

========================================================================
Received Import Request.
  Time since last request: 0.529830 seconds.
  path: Assets/Creator Kit - RPG/Art/Sprites/Floors/Tiles_GrassToDesert.png
  artifactKey: Guid(78ad6eb3988a8e440bbf2a9ecc2d918f) Importer(815301076,1909f56bfc062723c751e8b465ee728b)
Start importing Assets/Creator Kit - RPG/Art/Sprites/Floors/Tiles_GrassToDesert.png using Guid(78ad6eb3988a8e440bbf2a9ecc2d918f) Importer(815301076,1909f56bfc062723c751e8b465ee728b)  -> (artifact id: '615947d459ab690dba732abcc6165d34') in 0.030688 seconds
  Import took 0.034024 seconds .

========================================================================
Received Import Request.
  Time since last request: 0.000312 seconds.
  path: Assets/Creator Kit - RPG/Art/Sprites/Floors/Tiles_GrassVariant.png
  artifactKey: Guid(84497fb83bb127248be9d1bc49bfd586) Importer(815301076,1909f56bfc062723c751e8b465ee728b)
Start importing Assets/Creator Kit - RPG/Art/Sprites/Floors/Tiles_GrassVariant.png using Guid(84497fb83bb127248be9d1bc49bfd586) Importer(815301076,1909f56bfc062723c751e8b465ee728b)  -> (artifact id: 'c396096b2c6b3b9d341f2fdadada29b5') in 0.035581 seconds
  Import took 0.038923 seconds .

AssetImportWorkerClient::OnTransportError - code=2 error=End of file
